#
# A fatal error has been detected by the Java Runtime Environment:
#
#  SIGSEGV (0xb) at pc=0x0000000106d81512, pid=29230, tid=20239
#
# JRE version: Java(TM) SE Runtime Environment (7.0_75-b13) (build 1.7.0_75-b13)
# Java VM: Java HotSpot(TM) 64-Bit Server VM (24.75-b04 mixed mode bsd-amd64 compressed oops)
# Problematic frame:
# j  org.gradle.launcher.daemon.protocol.Command.toString()Ljava/lang/String;+9
#
# Failed to write core dump. Core dumps have been disabled. To enable core dumping, try "ulimit -c unlimited" before starting Java again
#
# If you would like to submit a bug report, please visit:
#   http://bugreport.sun.com/bugreport/crash.jsp
#

---------------  T H R E A D  ---------------

Current thread (0x00007fc28b05c000):  JavaThread "Handler for socket connection from /127.0.0.1:60757 to /127.0.0.1:49175" [_thread_in_Java, id=20239, stack(0x0000000110c12000,0x0000000110d12000)]

siginfo:si_signo=SIGSEGV: si_errno=0, si_code=1 (SEGV_MAPERR), si_addr=0x0000000100000005

Registers:
RAX=0x0000000000100000, RBX=0xffffffffb00021c0, RCX=0x0000000100000005, RDX=0x00000000ffffffff
RSP=0x0000000110d113f8, RBP=0x0000000110d11468, RSI=0x0000000000000007, RDI=0x00007fc28b05c000
R8 =0x0000000000000021, R9 =0x00000000fd603f52, R10=0x0000000106a265a0, R11=0x0000000110d114e0
R12=0x0000000000000000, R13=0x00000007b08c1c19, R14=0x0000000110d11478, R15=0x00007fc28b05c000
RIP=0x0000000106d81512, EFLAGS=0x0000000000010206, ERR=0x0000000000000004
  TRAPNO=0x000000000000000e

Top of Stack: (sp=0x0000000110d113f8)
0x0000000110d113f8:   0000000106d6a7c4 00000007eb01a988
0x0000000110d11408:   0000000000000000 00000007eb01fb18
0x0000000110d11418:   00000007eb01fb18 00000007c045ded8
0x0000000110d11428:   0000000110d11428 00000007b08c1c19
0x0000000110d11438:   0000000110d11478 00000007b08c6438
0x0000000110d11448:   0000000000000000 00000007b08c1c40
0x0000000110d11458:   0000000000000000 0000000110d11478
0x0000000110d11468:   0000000110d114c0 0000000106d6a233
0x0000000110d11478:   00000007eb01a988 0000000110d11480
0x0000000110d11488:   00000007b04d4569 0000000110d114e0
0x0000000110d11498:   00000007b04d53d8 0000000000000000
0x0000000110d114a8:   00000007b04d45f8 0000000110d11478
0x0000000110d114b8:   0000000110d114d8 0000000110d11528
0x0000000110d114c8:   0000000106d6a058 0000000000000000
0x0000000110d114d8:   00000007eb01a988 00000007eb01f9a0
0x0000000110d114e8:   0000000110d114e8 00000007b04d43a8
0x0000000110d114f8:   0000000110d11548 00000007b04d53d8
0x0000000110d11508:   0000000000000000 00000007b04d44a8
0x0000000110d11518:   0000000110d114d8 0000000110d11538
0x0000000110d11528:   0000000110d11590 0000000106d6a058
0x0000000110d11538:   00000007eb01fae8 00000007eb01a988
0x0000000110d11548:   00000007eb01f9a0 0000000110d11550
0x0000000110d11558:   00000007b04d400e 0000000110d115d0
0x0000000110d11568:   00000007b04d53d8 0000000000000000
0x0000000110d11578:   00000007b04d40d0 0000000110d11538
0x0000000110d11588:   0000000110d115c8 0000000110d11618
0x0000000110d11598:   0000000106d6a233 0000000000000000
0x0000000110d115a8:   00000007eb01f9a0 0000000000000021
0x0000000110d115b8:   0000000000000000 0000000000000000
0x0000000110d115c8:   00000007eb01f940 00000007c045c620
0x0000000110d115d8:   0000000110d115d8 00000007b04d017b
0x0000000110d115e8:   0000000110d11668 00000007b04d2af8 

Instructions: (pc=0x0000000106d81512)
0x0000000106d814f2:   a2 06 01 00 00 00 49 8b 14 d2 52 41 8b d5 4c 8b
0x0000000106d81502:   6d c8 8b c2 81 e0 00 00 10 00 0f 84 2e 00 00 00
0x0000000106d81512:   48 3b 01 48 8b 45 e0 48 85 c0 0f 84 12 00 00 00
0x0000000106d81522:   48 83 40 08 01 48 83 58 08 00 48 83 c0 30 48 89 

Register to memory mapping:

RAX=0x0000000000100000 is an unknown value
RBX=0xffffffffb00021c0 is an unknown value
RCX=0x0000000100000005 is an unknown value
RDX=0x00000000ffffffff is an unknown value
RSP=0x0000000110d113f8 is pointing into the stack for thread: 0x00007fc28b05c000
RBP=0x0000000110d11468 is pointing into the stack for thread: 0x00007fc28b05c000
RSI=0x0000000000000007 is an unknown value
RDI=0x00007fc28b05c000 is a thread
R8 =0x0000000000000021 is an unknown value
R9 =0x00000000fd603f52 is an unknown value
R10=0x0000000106a265a0: _ZN19TemplateInterpreter24_return_3_addrs_by_indexE+0 in /Library/Java/JavaVirtualMachines/jdk1.7.0_75.jdk/Contents/Home/jre/lib/server/libjvm.dylib at 0x0000000106200000
R11=0x0000000110d114e0 is pointing into the stack for thread: 0x00007fc28b05c000
R12=0x0000000000000000 is an unknown value
R13=0x00000007b08c1c19 is pointing into object: 0x00000007b08c1bd0
{constMethod} 
 - klass: {other class}
 - constants:       0x00000007b08c17d0 constant pool [44] for 'org/gradle/launcher/daemon/protocol/Command' cache=0x00000007b08c6438
bci_from(0x7b08c1c19) = 9; print_codes():
R14=0x0000000110d11478 is pointing into the stack for thread: 0x00007fc28b05c000
R15=0x00007fc28b05c000 is a thread


Stack: [0x0000000110c12000,0x0000000110d12000],  sp=0x0000000110d113f8,  free space=1020k
Native frames: (J=compiled Java code, j=interpreted, Vv=VM code, C=native code)
j  org.gradle.launcher.daemon.protocol.Command.toString()Ljava/lang/String;+9
j  org.slf4j.helpers.MessageFormatter.safeObjectAppend(Ljava/lang/StringBuilder;Ljava/lang/Object;)V+1
j  org.slf4j.helpers.MessageFormatter.deeplyAppendParameter(Ljava/lang/StringBuilder;Ljava/lang/Object;Ljava/util/Map;)V+24
j  org.slf4j.helpers.MessageFormatter.arrayFormat(Ljava/lang/String;[Ljava/lang/Object;)Lorg/slf4j/helpers/FormattingTuple;+238
j  ch.qos.logback.classic.spi.LoggingEvent.<init>(Ljava/lang/String;Lch/qos/logback/classic/Logger;Lch/qos/logback/classic/Level;Ljava/lang/String;Ljava/lang/Throwable;[Ljava/lang/Object;)V+51
j  ch.qos.logback.classic.Logger.buildLoggingEventAndAppend(Ljava/lang/String;Lorg/slf4j/Marker;Lch/qos/logback/classic/Level;Ljava/lang/String;[Ljava/lang/Object;Ljava/lang/Throwable;)V+13
j  ch.qos.logback.classic.Logger.filterAndLog_1(Ljava/lang/String;Lorg/slf4j/Marker;Lch/qos/logback/classic/Level;Ljava/lang/String;Ljava/lang/Object;Ljava/lang/Throwable;)V+64
j  ch.qos.logback.classic.Logger.debug(Ljava/lang/String;Ljava/lang/Object;)V+11
j  org.gradle.launcher.daemon.server.DefaultDaemonConnection$1.run()V+140
j  org.gradle.internal.concurrent.DefaultExecutorFactory$StoppableExecutorImpl$1.run()V+18
j  java.util.concurrent.ThreadPoolExecutor.runWorker(Ljava/util/concurrent/ThreadPoolExecutor$Worker;)V+95
j  java.util.concurrent.ThreadPoolExecutor$Worker.run()V+5
j  java.lang.Thread.run()V+11
v  ~StubRoutines::call_stub
V  [libjvm.dylib+0x2dbb58]
V  [libjvm.dylib+0x2dc06f]
V  [libjvm.dylib+0x2dc1ac]
V  [libjvm.dylib+0x32b082]
V  [libjvm.dylib+0x4f6cb9]
V  [libjvm.dylib+0x4f83c1]
V  [libjvm.dylib+0x421762]
C  [libsystem_pthread.dylib+0x405a]  _pthread_body+0x83
C  [libsystem_pthread.dylib+0x3fd7]  _pthread_body+0x0
C  [libsystem_pthread.dylib+0x13ed]  thread_start+0xd


---------------  P R O C E S S  ---------------

Java Threads: ( => current thread )
  0x00007fc28a7eb000 JavaThread "Stdin handler" [_thread_blocked, id=13067, stack(0x0000000110f1b000,0x000000011101b000)]
  0x00007fc28a676000 JavaThread "Daemon worker Thread 2" [_thread_blocked, id=20743, stack(0x0000000110e18000,0x0000000110f18000)]
  0x00007fc28a468800 JavaThread "Cancel handler" [_thread_blocked, id=19207, stack(0x0000000110d15000,0x0000000110e15000)]
=>0x00007fc28b05c000 JavaThread "Handler for socket connection from /127.0.0.1:60757 to /127.0.0.1:49175" [_thread_in_Java, id=20239, stack(0x0000000110c12000,0x0000000110d12000)]
  0x00007fc28a068000 JavaThread "Daemon Thread 2" [_thread_blocked, id=20495, stack(0x000000010e702000,0x000000010e802000)]
  0x00007fc28a175800 JavaThread "File lock request listener" [_thread_in_native, id=12299, stack(0x00000001111f1000,0x00000001112f1000)]
  0x00007fc28b37b800 JavaThread "Incoming local TCP Connector on port 60757" [_thread_in_native, id=18691, stack(0x0000000110b0f000,0x0000000110c0f000)]
  0x00007fc28a05e800 JavaThread "Service Thread" daemon [_thread_blocked, id=17667, stack(0x00000001102e2000,0x00000001103e2000)]
  0x00007fc28a819000 JavaThread "C2 CompilerThread1" daemon [_thread_blocked, id=17155, stack(0x00000001101df000,0x00000001102df000)]
  0x00007fc28a055800 JavaThread "C2 CompilerThread0" daemon [_thread_blocked, id=16643, stack(0x00000001100dc000,0x00000001101dc000)]
  0x00007fc28a04e800 JavaThread "Signal Dispatcher" daemon [_thread_blocked, id=12563, stack(0x000000010ffd9000,0x00000001100d9000)]
  0x00007fc28a043800 JavaThread "Finalizer" daemon [_thread_blocked, id=11523, stack(0x000000010e5c5000,0x000000010e6c5000)]
  0x00007fc28a043000 JavaThread "Reference Handler" daemon [_thread_blocked, id=11011, stack(0x000000010e4c2000,0x000000010e5c2000)]
  0x00007fc28a808800 JavaThread "main" [_thread_blocked, id=4867, stack(0x0000000106c62000,0x0000000106d62000)]

Other Threads:
  0x00007fc28a040800 VMThread [stack: 0x000000010e3bf000,0x000000010e4bf000] [id=10499]
  0x00007fc28b80d800 WatcherThread [stack: 0x00000001103e5000,0x00000001104e5000] [id=18179]

VM state:synchronizing (normal execution)

VM Mutex/Monitor currently owned by a thread:  ([mutex/lock_event])
[0x00007fc289f02cd0] Safepoint_lock - owner thread: 0x00007fc28a040800
[0x00007fc289f02d50] Threads_lock - owner thread: 0x00007fc28a040800

Heap
 PSYoungGen      total 142336K, used 10273K [0x00000007eaa80000, 0x00000007f5000000, 0x0000000800000000)
  eden space 118272K, 8% used [0x00000007eaa80000,0x00000007eb488660,0x00000007f1e00000)
  from space 24064K, 0% used [0x00000007f3880000,0x00000007f3880000,0x00000007f5000000)
  to   space 25600K, 0% used [0x00000007f1e00000,0x00000007f1e00000,0x00000007f3700000)
 ParOldGen       total 44032K, used 40265K [0x00000007c0000000, 0x00000007c2b00000, 0x00000007eaa80000)
  object space 44032K, 91% used [0x00000007c0000000,0x00000007c2752498,0x00000007c2b00000)
 PSPermGen       total 88064K, used 43859K [0x00000007b0000000, 0x00000007b5600000, 0x00000007c0000000)
  object space 88064K, 49% used [0x00000007b0000000,0x00000007b2ad4c40,0x00000007b5600000)

Card table byte_map: [0x0000000109e24000,0x000000010a0a5000] byte_map_base: 0x00000001060a4000

Polling page: 0x00000001059c2000

Code Cache  [0x0000000106d64000, 0x00000001071b4000, 0x0000000109d64000)
 total_blobs=1563 nmethods=943 adapters=573 free_code_cache=44855Kb largest_free_block=45853056

Compilation events (10 events):
Event: 47.238 Thread 0x00007fc28a819000 nmethod 1023 0x0000000107087450 code [0x00000001070875c0, 0x0000000107087bd8]
Event: 47.238 Thread 0x00007fc28a819000 1025   !         java.lang.ref.Finalizer::remove (94 bytes)
Event: 47.238 Thread 0x00007fc28a055800 nmethod 1024 0x0000000107085790 code [0x00000001070858c0, 0x0000000107085958]
Event: 47.238 Thread 0x00007fc28a055800 1026             java.lang.System$2::invokeFinalize (5 bytes)
Event: 47.239 Thread 0x00007fc28a055800 nmethod 1026 0x0000000106f45d10 code [0x0000000106f45e60, 0x0000000106f45ed8]
Event: 47.239 Thread 0x00007fc28a055800 1027             java.lang.ref.Finalizer::access$000 (4 bytes)
Event: 47.239 Thread 0x00007fc28a055800 nmethod 1027 0x0000000107055c90 code [0x0000000107055dc0, 0x0000000107055e18]
Event: 47.240 Thread 0x00007fc28a819000 nmethod 1025 0x00000001071a3c50 code [0x00000001071a3da0, 0x00000001071a40b8]
Event: 3450.888 Thread 0x00007fc28a055800 1028             sun.reflect.ByteVectorImpl::getLength (7 bytes)
Event: 3452.132 Thread 0x00007fc28a055800 nmethod 1028 0x0000000107055a90 code [0x0000000107055bc0, 0x0000000107055c18]

GC Heap History (10 events):
Event: 24.569 GC heap before
{Heap before GC invocations=7 (full 0):
 PSYoungGen      total 73216K, used 72748K [0x00000007eaa80000, 0x00000007f4180000, 0x0000000800000000)
  eden space 65024K, 100% used [0x00000007eaa80000,0x00000007eea00000,0x00000007eea00000)
  from space 8192K, 94% used [0x00000007f3980000,0x00000007f410b050,0x00000007f4180000)
  to   space 11776K, 0% used [0x00000007f2a80000,0x00000007f2a80000,0x00000007f3600000)
 ParOldGen       total 43520K, used 15858K [0x00000007c0000000, 0x00000007c2a80000, 0x00000007eaa80000)
  object space 43520K, 36% used [0x00000007c0000000,0x00000007c0f7ca00,0x00000007c2a80000)
 PSPermGen       total 32256K, used 31962K [0x00000007b0000000, 0x00000007b1f80000, 0x00000007c0000000)
  object space 32256K, 99% used [0x00000007b0000000,0x00000007b1f36860,0x00000007b1f80000)
Event: 24.606 GC heap after
Heap after GC invocations=7 (full 0):
 PSYoungGen      total 141824K, used 11747K [0x00000007eaa80000, 0x00000007f4680000, 0x0000000800000000)
  eden space 130048K, 0% used [0x00000007eaa80000,0x00000007eaa80000,0x00000007f2980000)
  from space 11776K, 99% used [0x00000007f2a80000,0x00000007f35f8e08,0x00000007f3600000)
  to   space 14848K, 0% used [0x00000007f3800000,0x00000007f3800000,0x00000007f4680000)
 ParOldGen       total 43520K, used 18010K [0x00000007c0000000, 0x00000007c2a80000, 0x00000007eaa80000)
  object space 43520K, 41% used [0x00000007c0000000,0x00000007c1196a58,0x00000007c2a80000)
 PSPermGen       total 32256K, used 31962K [0x00000007b0000000, 0x00000007b1f80000, 0x00000007c0000000)
  object space 32256K, 99% used [0x00000007b0000000,0x00000007b1f36860,0x00000007b1f80000)
}
Event: 31.702 GC heap before
{Heap before GC invocations=8 (full 0):
 PSYoungGen      total 141824K, used 141795K [0x00000007eaa80000, 0x00000007f4680000, 0x0000000800000000)
  eden space 130048K, 100% used [0x00000007eaa80000,0x00000007f2980000,0x00000007f2980000)
  from space 11776K, 99% used [0x00000007f2a80000,0x00000007f35f8e08,0x00000007f3600000)
  to   space 14848K, 0% used [0x00000007f3800000,0x00000007f3800000,0x00000007f4680000)
 ParOldGen       total 43520K, used 18010K [0x00000007c0000000, 0x00000007c2a80000, 0x00000007eaa80000)
  object space 43520K, 41% used [0x00000007c0000000,0x00000007c1196a58,0x00000007c2a80000)
 PSPermGen       total 36352K, used 35858K [0x00000007b0000000, 0x00000007b2380000, 0x00000007c0000000)
  object space 36352K, 98% used [0x00000007b0000000,0x00000007b2304950,0x00000007b2380000)
Event: 31.786 GC heap after
Heap after GC invocations=8 (full 0):
 PSYoungGen      total 138240K, used 14836K [0x00000007eaa80000, 0x00000007fd280000, 0x0000000800000000)
  eden space 123392K, 0% used [0x00000007eaa80000,0x00000007eaa80000,0x00000007f2300000)
  from space 14848K, 99% used [0x00000007f3800000,0x00000007f467d100,0x00000007f4680000)
  to   space 21504K, 0% used [0x00000007f2300000,0x00000007f2300000,0x00000007f3800000)
 ParOldGen       total 43520K, used 27969K [0x00000007c0000000, 0x00000007c2a80000, 0x00000007eaa80000)
  object space 43520K, 64% used [0x00000007c0000000,0x00000007c1b50480,0x00000007c2a80000)
 PSPermGen       total 36352K, used 35858K [0x00000007b0000000, 0x00000007b2380000, 0x00000007c0000000)
  object space 36352K, 98% used [0x00000007b0000000,0x00000007b2304950,0x00000007b2380000)
}
Event: 45.896 GC heap before
{Heap before GC invocations=9 (full 0):
 PSYoungGen      total 138240K, used 138228K [0x00000007eaa80000, 0x00000007fd280000, 0x0000000800000000)
  eden space 123392K, 100% used [0x00000007eaa80000,0x00000007f2300000,0x00000007f2300000)
  from space 14848K, 99% used [0x00000007f3800000,0x00000007f467d100,0x00000007f4680000)
  to   space 21504K, 0% used [0x00000007f2300000,0x00000007f2300000,0x00000007f3800000)
 ParOldGen       total 43520K, used 27969K [0x00000007c0000000, 0x00000007c2a80000, 0x00000007eaa80000)
  object space 43520K, 64% used [0x00000007c0000000,0x00000007c1b50480,0x00000007c2a80000)
 PSPermGen       total 43520K, used 43016K [0x00000007b0000000, 0x00000007b2a80000, 0x00000007c0000000)
  object space 43520K, 98% used [0x00000007b0000000,0x00000007b2a02268,0x00000007b2a80000)
Event: 45.949 GC heap after
Heap after GC invocations=9 (full 0):
 PSYoungGen      total 139776K, used 21474K [0x00000007eaa80000, 0x00000007f5300000, 0x0000000800000000)
  eden space 118272K, 0% used [0x00000007eaa80000,0x00000007eaa80000,0x00000007f1e00000)
  from space 21504K, 99% used [0x00000007f2300000,0x00000007f37f88a0,0x00000007f3800000)
  to   space 27136K, 0% used [0x00000007f3880000,0x00000007f3880000,0x00000007f5300000)
 ParOldGen       total 43520K, used 32022K [0x00000007c0000000, 0x00000007c2a80000, 0x00000007eaa80000)
  object space 43520K, 73% used [0x00000007c0000000,0x00000007c1f45958,0x00000007c2a80000)
 PSPermGen       total 43520K, used 43016K [0x00000007b0000000, 0x00000007b2a80000, 0x00000007c0000000)
  object space 43520K, 98% used [0x00000007b0000000,0x00000007b2a02268,0x00000007b2a80000)
}
Event: 46.733 GC heap before
{Heap before GC invocations=10 (full 0):
 PSYoungGen      total 139776K, used 43452K [0x00000007eaa80000, 0x00000007f5300000, 0x0000000800000000)
  eden space 118272K, 18% used [0x00000007eaa80000,0x00000007ebff6828,0x00000007f1e00000)
  from space 21504K, 99% used [0x00000007f2300000,0x00000007f37f88a0,0x00000007f3800000)
  to   space 27136K, 0% used [0x00000007f3880000,0x00000007f3880000,0x00000007f5300000)
 ParOldGen       total 43520K, used 32022K [0x00000007c0000000, 0x00000007c2a80000, 0x00000007eaa80000)
  object space 43520K, 73% used [0x00000007c0000000,0x00000007c1f45958,0x00000007c2a80000)
 PSPermGen       total 44032K, used 43857K [0x00000007b0000000, 0x00000007b2b00000, 0x00000007c0000000)
  object space 44032K, 99% used [0x00000007b0000000,0x00000007b2ad4580,0x00000007b2b00000)
Event: 46.765 GC heap after
Heap after GC invocations=10 (full 0):
 PSYoungGen      total 142336K, used 9239K [0x00000007eaa80000, 0x00000007f5000000, 0x0000000800000000)
  eden space 118272K, 0% used [0x00000007eaa80000,0x00000007eaa80000,0x00000007f1e00000)
  from space 24064K, 38% used [0x00000007f3880000,0x00000007f4185ec0,0x00000007f5000000)
  to   space 25600K, 0% used [0x00000007f1e00000,0x00000007f1e00000,0x00000007f3700000)
 ParOldGen       total 44032K, used 43714K [0x00000007c0000000, 0x00000007c2b00000, 0x00000007eaa80000)
  object space 44032K, 99% used [0x00000007c0000000,0x00000007c2ab09f8,0x00000007c2b00000)
 PSPermGen       total 44032K, used 43857K [0x00000007b0000000, 0x00000007b2b00000, 0x00000007c0000000)
  object space 44032K, 99% used [0x00000007b0000000,0x00000007b2ad4580,0x00000007b2b00000)
}
Event: 46.793 GC heap before
{Heap before GC invocations=11 (full 1):
 PSYoungGen      total 142336K, used 9239K [0x00000007eaa80000, 0x00000007f5000000, 0x0000000800000000)
  eden space 118272K, 0% used [0x00000007eaa80000,0x00000007eaa80000,0x00000007f1e00000)
  from space 24064K, 38% used [0x00000007f3880000,0x00000007f4185ec0,0x00000007f5000000)
  to   space 25600K, 0% used [0x00000007f1e00000,0x00000007f1e00000,0x00000007f3700000)
 ParOldGen       total 44032K, used 43714K [0x00000007c0000000, 0x00000007c2b00000, 0x00000007eaa80000)
  object space 44032K, 99% used [0x00000007c0000000,0x00000007c2ab09f8,0x00000007c2b00000)
 PSPermGen       total 44032K, used 43857K [0x00000007b0000000, 0x00000007b2b00000, 0x00000007c0000000)
  object space 44032K, 99% used [0x00000007b0000000,0x00000007b2ad4580,0x00000007b2b00000)
Event: 47.206 GC heap after
Heap after GC invocations=11 (full 1):
 PSYoungGen      total 142336K, used 0K [0x00000007eaa80000, 0x00000007f5000000, 0x0000000800000000)
  eden space 118272K, 0% used [0x00000007eaa80000,0x00000007eaa80000,0x00000007f1e00000)
  from space 24064K, 0% used [0x00000007f3880000,0x00000007f3880000,0x00000007f5000000)
  to   space 25600K, 0% used [0x00000007f1e00000,0x00000007f1e00000,0x00000007f3700000)
 ParOldGen       total 44032K, used 40265K [0x00000007c0000000, 0x00000007c2b00000, 0x00000007eaa80000)
  object space 44032K, 91% used [0x00000007c0000000,0x00000007c2752498,0x00000007c2b00000)
 PSPermGen       total 88064K, used 43832K [0x00000007b0000000, 0x00000007b5600000, 0x00000007c0000000)
  object space 88064K, 49% used [0x00000007b0000000,0x00000007b2ace000,0x00000007b5600000)
}

Deoptimization events (10 events):
Event: 46.124 Thread 0x00007fc28b0ab800 Uncommon trap: reason=bimorphic action=maybe_recompile pc=0x00000001070cd3cc method=java.util.Collections$UnmodifiableCollection$1.next()Ljava/lang/Object; @ 4
Event: 46.176 Thread 0x00007fc28b0ab800 Uncommon trap: reason=class_check action=maybe_recompile pc=0x0000000106fe4f58 method=java.util.AbstractList$Itr.hasNext()Z @ 8
Event: 46.176 Thread 0x00007fc28b0ab800 Uncommon trap: reason=class_check action=maybe_recompile pc=0x0000000107067ddc method=java.util.AbstractList$Itr.next()Ljava/lang/Object; @ 14
Event: 46.176 Thread 0x00007fc28b0ab800 Uncommon trap: reason=bimorphic action=maybe_recompile pc=0x00000001070cd3cc method=java.util.Collections$UnmodifiableCollection$1.next()Ljava/lang/Object; @ 4
Event: 46.286 Thread 0x00007fc28b0ab800 Uncommon trap: reason=unreached action=reinterpret pc=0x00000001071a01d0 method=java.io.PrintStream.ensureOpen()V @ 4
Event: 46.656 Thread 0x00007fc28b0ab800 Uncommon trap: reason=array_check action=maybe_recompile pc=0x00000001070a8b60 method=java.util.TimSort.binarySort([Ljava/lang/Object;IIILjava/util/Comparator;)V @ 215
Event: 46.732 Thread 0x00007fc28b0ab800 Uncommon trap: reason=bimorphic action=maybe_recompile pc=0x00000001070cd3cc method=java.util.Collections$UnmodifiableCollection$1.next()Ljava/lang/Object; @ 4
Event: 46.732 Thread 0x00007fc28b0ab800 Uncommon trap: reason=bimorphic action=maybe_recompile pc=0x00000001070cd3cc method=java.util.Collections$UnmodifiableCollection$1.next()Ljava/lang/Object; @ 4
Event: 47.239 Thread 0x00007fc28b05c000 Uncommon trap: reason=bimorphic action=maybe_recompile pc=0x00000001070550c8 method=java.io.DataOutputStream.writeLong(J)V @ 108
Event: 3452.967 Thread 0x00007fc28a068000 Uncommon trap: reason=bimorphic action=maybe_recompile pc=0x00000001070550c8 method=java.io.DataOutputStream.writeLong(J)V @ 108

Internal exceptions (10 events):
Event: 47.264 Thread 0x00007fc28b05c000 Threw 0x00000007eac81440 at /HUDSON/workspace/7u-2-build-macosx-x86_64/jdk7u75/1940/hotspot/src/share/vm/prims/jni.cpp:1632
Event: 47.273 Thread 0x00007fc28a068000 Threw 0x00000007ead87330 at /HUDSON/workspace/7u-2-build-macosx-x86_64/jdk7u75/1940/hotspot/src/share/vm/prims/jvm.cpp:1281
Event: 47.273 Thread 0x00007fc28a068000 Threw 0x00000007ead87978 at /HUDSON/workspace/7u-2-build-macosx-x86_64/jdk7u75/1940/hotspot/src/share/vm/prims/jvm.cpp:1281
Event: 47.274 Thread 0x00007fc28a068000 Threw 0x00000007ead8db68 at /HUDSON/workspace/7u-2-build-macosx-x86_64/jdk7u75/1940/hotspot/src/share/vm/prims/jni.cpp:1632
Event: 3452.301 Thread 0x00007fc28b05c000 Threw 0x00000007eaffc2c8 at /HUDSON/workspace/7u-2-build-macosx-x86_64/jdk7u75/1940/hotspot/src/share/vm/prims/jvm.cpp:1281
Event: 3452.341 Thread 0x00007fc28b05c000 Threw 0x00000007eaffca58 at /HUDSON/workspace/7u-2-build-macosx-x86_64/jdk7u75/1940/hotspot/src/share/vm/prims/jvm.cpp:1281
Event: 3452.360 Thread 0x00007fc28b05c000 Threw 0x00000007eb000748 at /HUDSON/workspace/7u-2-build-macosx-x86_64/jdk7u75/1940/hotspot/src/share/vm/prims/jvm.cpp:1281
Event: 3453.147 Thread 0x00007fc28a068000 Threw 0x00000007eaeefad8 at /HUDSON/workspace/7u-2-build-macosx-x86_64/jdk7u75/1940/hotspot/src/share/vm/prims/jvm.cpp:1281
Event: 3453.147 Thread 0x00007fc28a068000 Threw 0x00000007eaef0238 at /HUDSON/workspace/7u-2-build-macosx-x86_64/jdk7u75/1940/hotspot/src/share/vm/prims/jvm.cpp:1281
Event: 3453.148 Thread 0x00007fc28a068000 Threw 0x00000007eaef1b78 at /HUDSON/workspace/7u-2-build-macosx-x86_64/jdk7u75/1940/hotspot/src/share/vm/prims/jvm.cpp:1281

Events (10 events):
Event: 3452.967 Thread 0x00007fc28a068000 Uncommon trap: trap_request=0xffffffc6 fr.pc=0x00000001070550c8
Event: 3452.968 Thread 0x00007fc28a068000 DEOPT PACKING pc=0x00000001070550c8 sp=0x000000010e800c30
Event: 3453.014 Thread 0x00007fc28a068000 DEOPT UNPACKING pc=0x0000000106d9d045 sp=0x000000010e800c00 mode 2
Event: 3453.700 Thread 0x00007fc28a676000 Thread added: 0x00007fc28a676000
Event: 3453.708 Executing VM operation: RevokeBias
Event: 3454.750 Executing VM operation: RevokeBias done
Event: 3454.751 Executing VM operation: RevokeBias
Event: 3455.104 Executing VM operation: RevokeBias done
Event: 3455.129 Thread 0x00007fc28a7eb000 Thread added: 0x00007fc28a7eb000
Event: 3455.166 Executing VM operation: RevokeBias


Dynamic libraries:
0x000000000c894000 	/System/Library/Frameworks/Cocoa.framework/Versions/A/Cocoa
0x000000000c894000 	/System/Library/Frameworks/Security.framework/Versions/A/Security
0x000000000c894000 	/System/Library/Frameworks/ApplicationServices.framework/Versions/A/ApplicationServices
0x000000000c894000 	/usr/lib/libz.1.dylib
0x000000000c894000 	/usr/lib/libSystem.B.dylib
0x000000000c894000 	/usr/lib/libobjc.A.dylib
0x000000000c894000 	/System/Library/Frameworks/CoreFoundation.framework/Versions/A/CoreFoundation
0x000000000c894000 	/System/Library/Frameworks/Foundation.framework/Versions/C/Foundation
0x000000000c894000 	/System/Library/Frameworks/AppKit.framework/Versions/C/AppKit
0x000000000c894000 	/System/Library/Frameworks/CoreData.framework/Versions/A/CoreData
0x000000000c894000 	/System/Library/PrivateFrameworks/RemoteViewServices.framework/Versions/A/RemoteViewServices
0x000000000c894000 	/System/Library/PrivateFrameworks/UIFoundation.framework/Versions/A/UIFoundation
0x000000000c894000 	/System/Library/Frameworks/IOSurface.framework/Versions/A/IOSurface
0x000000000c894000 	/System/Library/Frameworks/AudioToolbox.framework/Versions/A/AudioToolbox
0x000000000c894000 	/System/Library/Frameworks/AudioUnit.framework/Versions/A/AudioUnit
0x000000000c894000 	/System/Library/PrivateFrameworks/DataDetectorsCore.framework/Versions/A/DataDetectorsCore
0x000000000c894000 	/System/Library/PrivateFrameworks/DesktopServicesPriv.framework/Versions/A/DesktopServicesPriv
0x000000000c894000 	/System/Library/Frameworks/Carbon.framework/Versions/A/Frameworks/HIToolbox.framework/Versions/A/HIToolbox
0x000000000c894000 	/System/Library/Frameworks/QuartzCore.framework/Versions/A/QuartzCore
0x000000000c894000 	/System/Library/Frameworks/Carbon.framework/Versions/A/Frameworks/SpeechRecognition.framework/Versions/A/SpeechRecognition
0x000000000c894000 	/usr/lib/libauto.dylib
0x000000000c894000 	/usr/lib/libicucore.A.dylib
0x000000000c894000 	/usr/lib/libxml2.2.dylib
0x000000000c894000 	/System/Library/PrivateFrameworks/CoreUI.framework/Versions/A/CoreUI
0x000000000c894000 	/System/Library/Frameworks/CoreAudio.framework/Versions/A/CoreAudio
0x000000000c894000 	/System/Library/Frameworks/DiskArbitration.framework/Versions/A/DiskArbitration
0x000000000c894000 	/usr/lib/liblangid.dylib
0x000000000c894000 	/System/Library/PrivateFrameworks/MultitouchSupport.framework/Versions/A/MultitouchSupport
0x000000000c894000 	/System/Library/Frameworks/IOKit.framework/Versions/A/IOKit
0x000000000c894000 	/usr/lib/libDiagnosticMessagesClient.dylib
0x000000000c894000 	/System/Library/Frameworks/CoreServices.framework/Versions/A/CoreServices
0x000000000c894000 	/System/Library/PrivateFrameworks/PerformanceAnalysis.framework/Versions/A/PerformanceAnalysis
0x000000000c894000 	/System/Library/PrivateFrameworks/GenerationalStorage.framework/Versions/A/GenerationalStorage
0x000000000c894000 	/System/Library/Frameworks/OpenGL.framework/Versions/A/OpenGL
0x000000000c894000 	/System/Library/PrivateFrameworks/Sharing.framework/Versions/A/Sharing
0x000000000c894000 	/System/Library/Frameworks/CoreGraphics.framework/Versions/A/CoreGraphics
0x000000000c894000 	/System/Library/Frameworks/CoreText.framework/Versions/A/CoreText
0x000000000c894000 	/System/Library/Frameworks/ImageIO.framework/Versions/A/ImageIO
0x000000000c894000 	/usr/lib/libextension.dylib
0x000000000c894000 	/System/Library/PrivateFrameworks/Backup.framework/Versions/A/Backup
0x000000000c894000 	/usr/lib/libarchive.2.dylib
0x000000000c894000 	/System/Library/Frameworks/CFNetwork.framework/Versions/A/CFNetwork
0x000000000c894000 	/System/Library/Frameworks/SystemConfiguration.framework/Versions/A/SystemConfiguration
0x000000000c894000 	/usr/lib/libCRFSuite.dylib
0x000000000c894000 	/usr/lib/libc++.1.dylib
0x000000000c894000 	/usr/lib/libc++abi.dylib
0x000000000c894000 	/usr/lib/system/libcache.dylib
0x000000000c894000 	/usr/lib/system/libcommonCrypto.dylib
0x000000000c894000 	/usr/lib/system/libcompiler_rt.dylib
0x000000000c894000 	/usr/lib/system/libcopyfile.dylib
0x000000000c894000 	/usr/lib/system/libcorecrypto.dylib
0x000000000c894000 	/usr/lib/system/libdispatch.dylib
0x000000000c894000 	/usr/lib/system/libdyld.dylib
0x000000000c894000 	/usr/lib/system/libkeymgr.dylib
0x000000000c894000 	/usr/lib/system/liblaunch.dylib
0x000000000c894000 	/usr/lib/system/libmacho.dylib
0x000000000c894000 	/usr/lib/system/libquarantine.dylib
0x000000000c894000 	/usr/lib/system/libremovefile.dylib
0x000000000c894000 	/usr/lib/system/libsystem_asl.dylib
0x000000000c894000 	/usr/lib/system/libsystem_blocks.dylib
0x000000000c894000 	/usr/lib/system/libsystem_c.dylib
0x000000000c894000 	/usr/lib/system/libsystem_configuration.dylib
0x000000000c894000 	/usr/lib/system/libsystem_coreservices.dylib
0x000000000c894000 	/usr/lib/system/libsystem_coretls.dylib
0x000000000c894000 	/usr/lib/system/libsystem_dnssd.dylib
0x000000000c894000 	/usr/lib/system/libsystem_info.dylib
0x000000000c894000 	/usr/lib/system/libsystem_kernel.dylib
0x000000000c894000 	/usr/lib/system/libsystem_m.dylib
0x000000000c894000 	/usr/lib/system/libsystem_malloc.dylib
0x000000000c894000 	/usr/lib/system/libsystem_network.dylib
0x000000000c894000 	/usr/lib/system/libsystem_networkextension.dylib
0x000000000c894000 	/usr/lib/system/libsystem_notify.dylib
0x000000000c894000 	/usr/lib/system/libsystem_platform.dylib
0x000000000c894000 	/usr/lib/system/libsystem_pthread.dylib
0x000000000c894000 	/usr/lib/system/libsystem_sandbox.dylib
0x000000000c894000 	/usr/lib/system/libsystem_secinit.dylib
0x000000000c894000 	/usr/lib/system/libsystem_stats.dylib
0x000000000c894000 	/usr/lib/system/libsystem_trace.dylib
0x000000000c894000 	/usr/lib/system/libunc.dylib
0x000000000c894000 	/usr/lib/system/libunwind.dylib
0x000000000c894000 	/usr/lib/system/libxpc.dylib
0x000000000c894000 	/usr/lib/libbz2.1.0.dylib
0x000000000c894000 	/usr/lib/liblzma.5.dylib
0x000000000c894000 	/usr/lib/libbsm.0.dylib
0x000000000c894000 	/usr/lib/libsqlite3.dylib
0x000000000c894000 	/usr/lib/system/libkxld.dylib
0x000000000c894000 	/usr/lib/libxar.1.dylib
0x000000000c894000 	/usr/lib/libpam.2.dylib
0x000000000c894000 	/usr/lib/libOpenScriptingUtil.dylib
0x000000000c894000 	/System/Library/Frameworks/CoreServices.framework/Versions/A/Frameworks/FSEvents.framework/Versions/A/FSEvents
0x000000000c894000 	/System/Library/Frameworks/CoreServices.framework/Versions/A/Frameworks/CarbonCore.framework/Versions/A/CarbonCore
0x000000000c894000 	/System/Library/Frameworks/CoreServices.framework/Versions/A/Frameworks/Metadata.framework/Versions/A/Metadata
0x000000000c894000 	/System/Library/Frameworks/CoreServices.framework/Versions/A/Frameworks/OSServices.framework/Versions/A/OSServices
0x000000000c894000 	/System/Library/Frameworks/CoreServices.framework/Versions/A/Frameworks/SearchKit.framework/Versions/A/SearchKit
0x000000000c894000 	/System/Library/Frameworks/CoreServices.framework/Versions/A/Frameworks/AE.framework/Versions/A/AE
0x000000000c894000 	/System/Library/Frameworks/CoreServices.framework/Versions/A/Frameworks/LaunchServices.framework/Versions/A/LaunchServices
0x000000000c894000 	/System/Library/Frameworks/CoreServices.framework/Versions/A/Frameworks/DictionaryServices.framework/Versions/A/DictionaryServices
0x000000000c894000 	/System/Library/Frameworks/NetFS.framework/Versions/A/NetFS
0x000000000c894000 	/System/Library/PrivateFrameworks/NetAuth.framework/Versions/A/NetAuth
0x000000000c894000 	/System/Library/PrivateFrameworks/login.framework/Versions/A/Frameworks/loginsupport.framework/Versions/A/loginsupport
0x000000000c894000 	/System/Library/PrivateFrameworks/TCC.framework/Versions/A/TCC
0x000000000c894000 	/usr/lib/libmecabra.dylib
0x000000000c894000 	/System/Library/Frameworks/ApplicationServices.framework/Versions/A/Frameworks/ATS.framework/Versions/A/ATS
0x000000000c894000 	/System/Library/Frameworks/ApplicationServices.framework/Versions/A/Frameworks/ColorSync.framework/Versions/A/ColorSync
0x000000000c894000 	/System/Library/Frameworks/ApplicationServices.framework/Versions/A/Frameworks/HIServices.framework/Versions/A/HIServices
0x000000000c894000 	/System/Library/Frameworks/ApplicationServices.framework/Versions/A/Frameworks/LangAnalysis.framework/Versions/A/LangAnalysis
0x000000000c894000 	/System/Library/Frameworks/ApplicationServices.framework/Versions/A/Frameworks/PrintCore.framework/Versions/A/PrintCore
0x000000000c894000 	/System/Library/Frameworks/ApplicationServices.framework/Versions/A/Frameworks/QD.framework/Versions/A/QD
0x000000000c894000 	/System/Library/Frameworks/ApplicationServices.framework/Versions/A/Frameworks/SpeechSynthesis.framework/Versions/A/SpeechSynthesis
0x000000000c894000 	/System/Library/Frameworks/Accelerate.framework/Versions/A/Accelerate
0x000000000c894000 	/System/Library/Frameworks/Accelerate.framework/Versions/A/Frameworks/vImage.framework/Versions/A/vImage
0x000000000c894000 	/System/Library/Frameworks/Accelerate.framework/Versions/A/Frameworks/vecLib.framework/Versions/A/vecLib
0x000000000c894000 	/System/Library/Frameworks/Accelerate.framework/Versions/A/Frameworks/vecLib.framework/Versions/A/libvDSP.dylib
0x000000000c894000 	/System/Library/Frameworks/Accelerate.framework/Versions/A/Frameworks/vecLib.framework/Versions/A/libvMisc.dylib
0x000000000c894000 	/System/Library/Frameworks/Accelerate.framework/Versions/A/Frameworks/vecLib.framework/Versions/A/libLAPACK.dylib
0x000000000c894000 	/System/Library/Frameworks/Accelerate.framework/Versions/A/Frameworks/vecLib.framework/Versions/A/libBLAS.dylib
0x000000000c894000 	/System/Library/Frameworks/Accelerate.framework/Versions/A/Frameworks/vecLib.framework/Versions/A/libLinearAlgebra.dylib
0x000000000c894000 	/System/Library/Frameworks/ApplicationServices.framework/Versions/A/Frameworks/ATS.framework/Versions/A/Resources/libFontParser.dylib
0x000000000c894000 	/System/Library/Frameworks/ApplicationServices.framework/Versions/A/Frameworks/ATS.framework/Versions/A/Resources/libFontRegistry.dylib
0x000000000c894000 	/System/Library/PrivateFrameworks/AppleVPA.framework/Versions/A/AppleVPA
0x000000000c894000 	/System/Library/PrivateFrameworks/AppleJPEG.framework/Versions/A/AppleJPEG
0x000000000c894000 	/System/Library/Frameworks/ImageIO.framework/Versions/A/Resources/libJPEG.dylib
0x000000000c894000 	/System/Library/Frameworks/ImageIO.framework/Versions/A/Resources/libTIFF.dylib
0x000000000c894000 	/System/Library/Frameworks/ImageIO.framework/Versions/A/Resources/libPng.dylib
0x000000000c894000 	/System/Library/Frameworks/ImageIO.framework/Versions/A/Resources/libGIF.dylib
0x000000000c894000 	/System/Library/Frameworks/ImageIO.framework/Versions/A/Resources/libJP2.dylib
0x000000000c894000 	/System/Library/Frameworks/ImageIO.framework/Versions/A/Resources/libRadiance.dylib
0x000000000c894000 	/System/Library/Frameworks/CoreVideo.framework/Versions/A/CoreVideo
0x000000000c894000 	/System/Library/Frameworks/OpenGL.framework/Versions/A/Libraries/libGLU.dylib
0x000000000c894000 	/System/Library/Frameworks/OpenGL.framework/Versions/A/Libraries/libGFXShared.dylib
0x000000000c894000 	/System/Library/Frameworks/OpenGL.framework/Versions/A/Libraries/libGL.dylib
0x000000000c894000 	/System/Library/Frameworks/OpenGL.framework/Versions/A/Libraries/libGLImage.dylib
0x000000000c894000 	/System/Library/Frameworks/OpenGL.framework/Versions/A/Libraries/libCVMSPluginSupport.dylib
0x000000000c894000 	/System/Library/Frameworks/OpenGL.framework/Versions/A/Libraries/libCoreVMClient.dylib
0x000000000c894000 	/usr/lib/libcups.2.dylib
0x000000000c894000 	/System/Library/Frameworks/Kerberos.framework/Versions/A/Kerberos
0x000000000c894000 	/System/Library/Frameworks/GSS.framework/Versions/A/GSS
0x000000000c894000 	/usr/lib/libresolv.9.dylib
0x000000000c894000 	/usr/lib/libiconv.2.dylib
0x000000000c894000 	/System/Library/PrivateFrameworks/Heimdal.framework/Versions/A/Heimdal
0x000000000c894000 	/usr/lib/libheimdal-asn1.dylib
0x000000000c894000 	/System/Library/Frameworks/OpenDirectory.framework/Versions/A/OpenDirectory
0x000000000c894000 	/System/Library/PrivateFrameworks/CommonAuth.framework/Versions/A/CommonAuth
0x000000000c894000 	/System/Library/Frameworks/OpenDirectory.framework/Versions/A/Frameworks/CFOpenDirectory.framework/Versions/A/CFOpenDirectory
0x000000000c894000 	/System/Library/Frameworks/SecurityFoundation.framework/Versions/A/SecurityFoundation
0x000000000c894000 	/System/Library/PrivateFrameworks/LanguageModeling.framework/Versions/A/LanguageModeling
0x000000000c894000 	/usr/lib/libcmph.dylib
0x000000000c894000 	/System/Library/Frameworks/ServiceManagement.framework/Versions/A/ServiceManagement
0x000000000c894000 	/usr/lib/libxslt.1.dylib
0x000000000c894000 	/System/Library/Frameworks/Carbon.framework/Versions/A/Frameworks/Ink.framework/Versions/A/Ink
0x000000000c894000 	/System/Library/Frameworks/QuartzCore.framework/Versions/A/Frameworks/CoreImage.framework/Versions/A/CoreImage
0x000000000c894000 	/System/Library/PrivateFrameworks/CrashReporterSupport.framework/Versions/A/CrashReporterSupport
0x000000000c894000 	/System/Library/Frameworks/OpenCL.framework/Versions/A/OpenCL
0x000000000c894000 	/System/Library/PrivateFrameworks/FaceCore.framework/Versions/A/FaceCore
0x000000000c894000 	/System/Library/PrivateFrameworks/Ubiquity.framework/Versions/A/Ubiquity
0x000000000c894000 	/System/Library/PrivateFrameworks/IconServices.framework/Versions/A/IconServices
0x000000000c894000 	/System/Library/PrivateFrameworks/ChunkingLibrary.framework/Versions/A/ChunkingLibrary
0x000000000c894000 	/System/Library/PrivateFrameworks/Apple80211.framework/Versions/A/Apple80211
0x000000000c894000 	/System/Library/Frameworks/CoreWLAN.framework/Versions/A/CoreWLAN
0x000000000c894000 	/System/Library/Frameworks/IOBluetooth.framework/Versions/A/IOBluetooth
0x000000000c894000 	/System/Library/PrivateFrameworks/CoreWiFi.framework/Versions/A/CoreWiFi
0x000000000c894000 	/System/Library/Frameworks/CoreBluetooth.framework/Versions/A/CoreBluetooth
0x000000000c894000 	/System/Library/PrivateFrameworks/DebugSymbols.framework/Versions/A/DebugSymbols
0x000000000c894000 	/System/Library/PrivateFrameworks/CoreSymbolication.framework/Versions/A/CoreSymbolication
0x000000000c894000 	/System/Library/PrivateFrameworks/Symbolication.framework/Versions/A/Symbolication
0x000000000c894000 	/System/Library/PrivateFrameworks/SpeechRecognitionCore.framework/Versions/A/SpeechRecognitionCore
0x0000000106200000 	/Library/Java/JavaVirtualMachines/jdk1.7.0_75.jdk/Contents/Home/jre/lib/server/libjvm.dylib
0x000000000c894000 	/usr/lib/libstdc++.6.dylib
0x0000000105985000 	/Library/Java/JavaVirtualMachines/jdk1.7.0_75.jdk/Contents/Home/jre/lib/libverify.dylib
0x0000000105992000 	/Library/Java/JavaVirtualMachines/jdk1.7.0_75.jdk/Contents/Home/jre/lib/libjava.dylib
0x00000001059cc000 	/Library/Java/JavaVirtualMachines/jdk1.7.0_75.jdk/Contents/Home/jre/lib/libzip.dylib
0x000000010e6c7000 	/System/Library/Frameworks/JavaVM.framework/Frameworks/JavaRuntimeSupport.framework/JavaRuntimeSupport
0x000000010e6df000 	/System/Library/Frameworks/JavaVM.framework/Versions/A/Frameworks/JavaNativeFoundation.framework/Versions/A/JavaNativeFoundation
0x00000001059ef000 	/System/Library/Frameworks/JavaVM.framework/Versions/A/JavaVM
0x000000000c894000 	/System/Library/Frameworks/Carbon.framework/Versions/A/Carbon
0x000000010e6f4000 	/System/Library/PrivateFrameworks/JavaLaunching.framework/Versions/A/JavaLaunching
0x000000000c894000 	/System/Library/Frameworks/Carbon.framework/Versions/A/Frameworks/CommonPanels.framework/Versions/A/CommonPanels
0x000000000c894000 	/System/Library/Frameworks/Carbon.framework/Versions/A/Frameworks/Help.framework/Versions/A/Help
0x000000000c894000 	/System/Library/Frameworks/Carbon.framework/Versions/A/Frameworks/ImageCapture.framework/Versions/A/ImageCapture
0x000000000c894000 	/System/Library/Frameworks/Carbon.framework/Versions/A/Frameworks/OpenScripting.framework/Versions/A/OpenScripting
0x000000000c894000 	/System/Library/Frameworks/Carbon.framework/Versions/A/Frameworks/Print.framework/Versions/A/Print
0x000000000c894000 	/System/Library/Frameworks/Carbon.framework/Versions/A/Frameworks/SecurityHI.framework/Versions/A/SecurityHI
0x0000000110759000 	/Library/Java/JavaVirtualMachines/jdk1.7.0_75.jdk/Contents/Home/jre/lib/libnet.dylib
0x00000001107b7000 	/Library/Java/JavaVirtualMachines/jdk1.7.0_75.jdk/Contents/Home/jre/lib/libnio.dylib
0x0000000110b09000 	/private/var/folders/zl/129t812913b3w5rm1r4jcnxm0000gp/T/native-platform2590984687830206665dir/libnative-platform.dylib

VM Arguments:
jvm_args: -XX:MaxPermSize=256m -XX:+HeapDumpOnOutOfMemoryError -Xmx1024m -Dfile.encoding=UTF-8 -Duser.country=US -Duser.language=en -Duser.variant 
java_command: org.gradle.launcher.daemon.bootstrap.GradleDaemon 2.2.1 /Users/c4q-Abass/.gradle/daemon 10800000 a43fe253-08c2-4cb9-9cb5-7a80d1d71894 -XX:MaxPermSize=256m -XX:+HeapDumpOnOutOfMemoryError -Xmx1024m -Dfile.encoding=UTF-8 -Duser.country=US -Duser.language=en -Duser.variant
Launcher Type: SUN_STANDARD

Environment Variables:
PATH=/usr/bin:/bin:/usr/sbin:/sbin
SHELL=/bin/bash

Signal Handlers:
SIGSEGV: [libjvm.dylib+0x52d20d], sa_mask[0]=0xfffefeff, sa_flags=0x00000043
SIGBUS: [libjvm.dylib+0x52d20d], sa_mask[0]=0xfffefeff, sa_flags=0x00000042
SIGFPE: [libjvm.dylib+0x41ee7a], sa_mask[0]=0xfffefeff, sa_flags=0x00000042
SIGPIPE: [libjvm.dylib+0x41ee7a], sa_mask[0]=0xfffefeff, sa_flags=0x00000042
SIGXFSZ: [libjvm.dylib+0x41ee7a], sa_mask[0]=0xfffefeff, sa_flags=0x00000042
SIGILL: [libjvm.dylib+0x41ee7a], sa_mask[0]=0xfffefeff, sa_flags=0x00000042
SIGUSR1: SIG_DFL, sa_mask[0]=0x00000000, sa_flags=0x00000000
SIGUSR2: [libjvm.dylib+0x41e96c], sa_mask[0]=0x00000004, sa_flags=0x00000042
SIGHUP: [libjvm.dylib+0x41cbfd], sa_mask[0]=0xfffefeff, sa_flags=0x00000042
SIGINT: [libjvm.dylib+0x41cbfd], sa_mask[0]=0xfffefeff, sa_flags=0x00000042
SIGTERM: [libjvm.dylib+0x41cbfd], sa_mask[0]=0xfffefeff, sa_flags=0x00000042
SIGQUIT: [libjvm.dylib+0x41cbfd], sa_mask[0]=0xfffefeff, sa_flags=0x00000042


---------------  S Y S T E M  ---------------

OS:Bsduname:Darwin 14.5.0 Darwin Kernel Version 14.5.0: Wed Jul 29 02:26:53 PDT 2015; root:xnu-2782.40.9~1/RELEASE_X86_64 x86_64
rlimit: STACK 8192k, CORE 0k, NPROC 709, NOFILE 10240, AS infinity
load average:4.52 3.60 3.23

CPU:total 4 (2 cores per cpu, 2 threads per core) family 6 model 58 stepping 9, cmov, cx8, fxsr, mmx, sse, sse2, sse3, ssse3, sse4.1, sse4.2, popcnt, avx, aes, erms, ht, tsc, tscinvbit, tscinv

Memory: 4k page, physical 4194304k(1048576k free)

/proc/meminfo:


vm_info: Java HotSpot(TM) 64-Bit Server VM (24.75-b04) for bsd-amd64 JRE (1.7.0_75-b13), built on Dec 18 2014 21:48:12 by "java_re" with gcc 4.2.1 (Based on Apple Inc. build 5658) (LLVM build 2336.11.00)

time: Tue Oct 27 02:48:30 2015
elapsed time: 3456 seconds

